E:\PYTHON\MNIST_TEST\ADABOOST\SIGN\SIGN\X64\RELEASE\SIGN.OBJ
E:\PYTHON\MNIST_TEST\ADABOOST\SIGN\SIGN\X64\RELEASE\VC110.PDB
E:\PYTHON\MNIST_TEST\ADABOOST\SIGN\X64\RELEASE\SIGN.DLL
E:\PYTHON\MNIST_TEST\ADABOOST\SIGN\X64\RELEASE\SIGN.PDB
E:\python\mnist_test\AdaBoost\Sign\x64\Release\Sign.lib
E:\python\mnist_test\AdaBoost\Sign\x64\Release\Sign.exp
E:\python\mnist_test\AdaBoost\Sign\Sign\x64\Release\sign.obj
E:\python\mnist_test\AdaBoost\Sign\Sign\x64\Release\cl.command.1.tlog
E:\python\mnist_test\AdaBoost\Sign\Sign\x64\Release\CL.read.1.tlog
E:\python\mnist_test\AdaBoost\Sign\Sign\x64\Release\CL.write.1.tlog
E:\python\mnist_test\AdaBoost\Sign\Sign\x64\Release\link-cvtres.read.1.tlog
E:\python\mnist_test\AdaBoost\Sign\Sign\x64\Release\link-cvtres.write.1.tlog
E:\python\mnist_test\AdaBoost\Sign\Sign\x64\Release\link-rc.read.1.tlog
E:\python\mnist_test\AdaBoost\Sign\Sign\x64\Release\link-rc.write.1.tlog
E:\python\mnist_test\AdaBoost\Sign\Sign\x64\Release\link.command.1.tlog
E:\python\mnist_test\AdaBoost\Sign\Sign\x64\Release\link.read.1.tlog
E:\python\mnist_test\AdaBoost\Sign\Sign\x64\Release\link.write.1.tlog
E:\python\mnist_test\AdaBoost\Sign\Sign\x64\Release\Sign.write.1.tlog
E:\python\mnist_test\AdaBoost\Sign\Sign\x64\Release\vc110.pdb
E:\python\mnist_test\AdaBoost\Sign\x64\Release\Sign.pdb
E:\python\mnist_test\AdaBoost\Sign\x64\Release\Sign.dll
